\BOOKMARK [1][-]{section*.5}{\376\377\000O\000p\000e\000n\000i\000n\000g}{}% 1
\BOOKMARK [1][-]{section*.7}{\376\377\000M\000i\000n\000u\000t\000e\000s}{}% 2
\BOOKMARK [1][-]{section*.9}{\376\377\000I\000n\000v\000e\000s\000t\000i\000t\000u\000r\000e\000\040\000o\000f\000\040\000O\000f\000f\000i\000c\000e\000r\000s}{}% 3
\BOOKMARK [1][-]{section*.11}{\376\377\000B\000a\000l\000l\000o\000t\000\040\000f\000o\000r\000\040\000J\000o\000i\000n\000i\000n\000g\000\040\000M\000e\000m\000b\000e\000r\000s}{}% 4
\BOOKMARK [1][-]{section*.13}{\376\377\000B\000a\000l\000l\000o\000t\000\040\000f\000o\000r\000\040\000H\000o\000n\000o\000r\000a\000r\000y\000\040\000M\000e\000m\000b\000e\000r}{}% 5
\BOOKMARK [1][-]{section*.15}{\376\377\000P\000r\000e\000s\000e\000n\000t\000a\000t\000i\000o\000n\000\040\000o\000f\000\040\000G\000r\000a\000n\000d\000\040\000L\000o\000d\000g\000e\000\040\000C\000e\000r\000t\000i\000f\000i\000c\000a\000t\000e}{}% 6
\BOOKMARK [1][-]{section*.17}{\376\377\000E\000l\000e\000c\000t\000i\000o\000n\000\040\000o\000f\000\040\000M\000a\000s\000t\000e\000r\000\040\000a\000n\000d\000\040\000T\000r\000e\000a\000s\000u\000r\000e\000r\000\040\000f\000o\000r\000\040\000t\000h\000e\000\040\000e\000n\000s\000u\000i\000n\000g\000\040\000y\000e\000a\000r}{}% 7
\BOOKMARK [1][-]{section*.19}{\376\377\000E\000l\000e\000c\000t\000i\000o\000n\000\040\000o\000f\000\040\000T\000y\000l\000e\000r\000\040\000f\000o\000r\000\040\000t\000h\000e\000\040\000e\000n\000s\000u\000i\000n\000g\000\040\000y\000e\000a\000r}{}% 8
\BOOKMARK [1][-]{section*.21}{\376\377\000E\000l\000e\000c\000t\000i\000o\000n\000\040\000o\000f\000\040\000B\000r\000e\000t\000h\000r\000e\000n\000\040\000t\000o\000\040\000s\000e\000r\000v\000e\000\040\000o\000n\000\040\000t\000h\000e\000\040\000L\000o\000d\000g\000e\000\040\000C\000o\000m\000m\000i\000t\000t\000e\000e}{}% 9
\BOOKMARK [1][-]{section*.23}{\376\377\000E\000l\000e\000c\000t\000i\000o\000n\000\040\000o\000f\000\040\000B\000r\000e\000t\000h\000r\000e\000n\000\040\000t\000o\000\040\000s\000e\000r\000v\000e\000\040\000a\000s\000\040\000L\000o\000d\000g\000e\000\040\000A\000c\000c\000o\000u\000n\000t\000s\000\040\000E\000x\000a\000m\000i\000n\000e\000r\000s}{}% 10
\BOOKMARK [1][-]{section*.25}{\376\377\000R\000e\000p\000o\000r\000t\000s}{}% 11
\BOOKMARK [1][-]{section*.27}{\376\377\000A\000l\000m\000s}{}% 12
\BOOKMARK [1][-]{section*.29}{\376\377\000A\000n\000y\000\040\000O\000t\000h\000e\000r\000\040\000B\000u\000s\000i\000n\000e\000s\000s}{}% 13
\BOOKMARK [1][-]{section*.31}{\376\377\000R\000i\000s\000i\000n\000g\000s}{}% 14
\BOOKMARK [2][-]{section*.33}{\376\377\000F\000i\000r\000s\000t\000\040\000R\000i\000s\000i\000n\000g\000\040\000-\000\040\000G\000r\000a\000n\000d\000\040\000L\000o\000d\000g\000e\000\040\000C\000o\000m\000m\000u\000n\000i\000c\000a\000t\000i\000o\000n\000s}{section*.31}% 15
\BOOKMARK [2][-]{section*.35}{\376\377\000S\000e\000c\000o\000n\000d\000\040\000R\000i\000s\000i\000n\000g\000\040\000-\000\040\000M\000e\000t\000r\000o\000p\000o\000l\000i\000t\000a\000n\000\040\000G\000r\000a\000n\000d\000\040\000L\000o\000d\000g\000e\000\040\000C\000o\000m\000m\000u\000n\000i\000c\000a\000t\000i\000o\000n\000s}{section*.31}% 16
\BOOKMARK [2][-]{section*.37}{\376\377\000T\000h\000i\000r\000d\000\040\000R\000i\000s\000i\000n\000g\000\040\000-\000\040\000L\000o\000d\000g\000e\000\040\000C\000o\000m\000m\000u\000n\000i\000c\000a\000t\000i\000o\000n\000s}{section*.31}% 17
\BOOKMARK [1][-]{section*.39}{\376\377\000C\000l\000o\000s\000i\000n\000g\000\040\000t\000h\000e\000\040\000L\000o\000d\000g\000e}{}% 18
\BOOKMARK [1][-]{section*.41}{\376\377\000A\000n\000n\000e\000x\000:\000\040\000B\000e\000e\000r\000\040\000T\000a\000s\000t\000i\000n\000g\000\040\000N\000o\000t\000e\000s}{}% 19
\BOOKMARK [1][-]{section*.43}{\376\377\000A\000n\000n\000e\000x\000:\000\040\000S\000u\000m\000m\000o\000n\000s}{}% 20
\BOOKMARK [1][-]{section*.45}{\376\377\000A\000n\000n\000e\000x\000:\000\040\000C\000a\000n\000d\000i\000d\000a\000t\000e\000\040\000D\000e\000t\000a\000i\000l\000s}{}% 21
\BOOKMARK [1][-]{section*.47}{\376\377\000A\000n\000n\000e\000x\000:\000\040\000M\000e\000t\000G\000L\000\040\000T\000o\000a\000s\000t\000\040\000L\000i\000s\000t}{}% 22
\BOOKMARK [1][-]{section*.49}{\376\377\000A\000n\000n\000e\000x\000:\000\040\000S\000e\000a\000t\000i\000n\000g\000\040\000P\000l\000a\000n\000\040\000\050\000c\000l\000e\000a\000r\000\051}{}% 23
\BOOKMARK [1][-]{section*.51}{\376\377\000A\000n\000n\000e\000x\000:\000\040\000S\000e\000a\000t\000i\000n\000g\000\040\000P\000l\000a\000n\000\040\000\050\000c\000o\000l\000o\000u\000r\000e\000d\000\051}{}% 24
